<?xml version="1.0" encoding="UTF-8"?>
<!-- Generated by org.testng.reporters.JUnitXMLReporter -->
<testsuite ignored="0" hostname="DESKTOP-PK3H5G3" failures="0" tests="13" name="Test" time="12.391" errors="0" timestamp="2024-09-20T05:55:50 BST">
  <testcase classname="test.Logout" name="@BeforeTest login" time="0.76">
    <failure type="org.openqa.selenium.WebDriverException" message="unknown error: cannot determine loading status
from target frame detached: received Inspector.detached event
  (Session info: chrome=128.0.6613.138)
Build info: version: &amp;apos;4.23.1&amp;apos;, revision: &amp;apos;656257d8e9&amp;apos;
System info: os.name: &amp;apos;Windows 10&amp;apos;, os.arch: &amp;apos;amd64&amp;apos;, os.version: &amp;apos;10.0&amp;apos;, java.version: &amp;apos;22.0.2&amp;apos;
Driver info: org.openqa.selenium.chrome.ChromeDriver
Command: [a62ef64e533029659555753e3426eecf, get {url=https://www.saucedemo.com/}]
Capabilities {acceptInsecureCerts: false, browserName: chrome, browserVersion: 128.0.6613.138, chrome: {chromedriverVersion: 128.0.6613.137 (fe621c5aa2d..., userDataDir: C:\Users\HP\AppData\Local\T...}, fedcm:accounts: true, goog:chromeOptions: {debuggerAddress: localhost:49348}, networkConnectionEnabled: false, pageLoadStrategy: normal, platformName: windows, proxy: Proxy(), se:cdp: ws://localhost:49348/devtoo..., se:cdpVersion: 128.0.6613.138, setWindowRect: true, strictFileInteractability: false, timeouts: {implicit: 0, pageLoad: 300000, script: 30000}, unhandledPromptBehavior: dismiss and notify, webauthn:extension:credBlob: true, webauthn:extension:largeBlob: true, webauthn:extension:minPinLength: true, webauthn:extension:prf: true, webauthn:virtualAuthenticators: true}
Session ID: a62ef64e533029659555753e3426eecf">
      <![CDATA[org.openqa.selenium.WebDriverException: unknown error: cannot determine loading status
from target frame detached: received Inspector.detached event
  (Session info: chrome=128.0.6613.138)
Build info: version: '4.23.1', revision: '656257d8e9'
System info: os.name: 'Windows 10', os.arch: 'amd64', os.version: '10.0', java.version: '22.0.2'
Driver info: org.openqa.selenium.chrome.ChromeDriver
Command: [a62ef64e533029659555753e3426eecf, get {url=https://www.saucedemo.com/}]
Capabilities {acceptInsecureCerts: false, browserName: chrome, browserVersion: 128.0.6613.138, chrome: {chromedriverVersion: 128.0.6613.137 (fe621c5aa2d..., userDataDir: C:\Users\HP\AppData\Local\T...}, fedcm:accounts: true, goog:chromeOptions: {debuggerAddress: localhost:49348}, networkConnectionEnabled: false, pageLoadStrategy: normal, platformName: windows, proxy: Proxy(), se:cdp: ws://localhost:49348/devtoo..., se:cdpVersion: 128.0.6613.138, setWindowRect: true, strictFileInteractability: false, timeouts: {implicit: 0, pageLoad: 300000, script: 30000}, unhandledPromptBehavior: dismiss and notify, webauthn:extension:credBlob: true, webauthn:extension:largeBlob: true, webauthn:extension:minPinLength: true, webauthn:extension:prf: true, webauthn:virtualAuthenticators: true}
Session ID: a62ef64e533029659555753e3426eecf
at org.openqa.selenium.remote.ErrorCodec.decode(ErrorCodec.java:167)
at org.openqa.selenium.remote.codec.w3c.W3CHttpResponseCodec.decode(W3CHttpResponseCodec.java:138)
at org.openqa.selenium.remote.codec.w3c.W3CHttpResponseCodec.decode(W3CHttpResponseCodec.java:50)
at org.openqa.selenium.remote.HttpCommandExecutor.execute(HttpCommandExecutor.java:190)
at org.openqa.selenium.remote.service.DriverCommandExecutor.invokeExecute(DriverCommandExecutor.java:216)
at org.openqa.selenium.remote.service.DriverCommandExecutor.execute(DriverCommandExecutor.java:174)
at org.openqa.selenium.remote.RemoteWebDriver.execute(RemoteWebDriver.java:545)
at org.openqa.selenium.remote.RemoteWebDriver.get(RemoteWebDriver.java:313)
at test.Logout.login(Logout.java:24)
... Removed 25 stack frames]]>
    </failure>
  </testcase> <!-- @BeforeTest login -->
  <testcase classname="test.Productpage" name="@BeforeTest Loginlink" time="0.0">
    <skipped/>
  </testcase> <!-- @BeforeTest Loginlink -->
  <testcase classname="test.Filterbutton" name="@BeforeMethod Login" time="0.0">
    <skipped/>
  </testcase> <!-- @BeforeMethod Login -->
  <testcase classname="test.Filterbutton" name="@AfterMethod CLOSE" time="0.0">
    <skipped/>
  </testcase> <!-- @AfterMethod CLOSE -->
  <testcase classname="test.Cart" name="@AfterTest CLOSE" time="0.0">
    <skipped/>
  </testcase> <!-- @AfterTest CLOSE -->
  <testcase classname="test.Checkoutpage" name="@AfterTest CLOSE" time="0.0">
    <skipped/>
  </testcase> <!-- @AfterTest CLOSE -->
  <testcase classname="test.Loginpage" name="@AfterTest CLOSE" time="0.0">
    <skipped/>
  </testcase> <!-- @AfterTest CLOSE -->
  <testcase classname="test.Logout" name="@AfterTest CLOSE" time="0.0">
    <skipped/>
  </testcase> <!-- @AfterTest CLOSE -->
  <testcase classname="test.MenuBar" name="@AfterTest CLOSE" time="0.0">
    <skipped/>
  </testcase> <!-- @AfterTest CLOSE -->
  <testcase classname="test.Productpage" name="@AfterTest CLOSE" time="0.0">
    <skipped/>
  </testcase> <!-- @AfterTest CLOSE -->
  <testcase classname="test.Loginpage" name="logo" time="0.001">
    <skipped/>
  </testcase> <!-- logo -->
  <testcase classname="test.Loginpage" name="wronglogin" time="0.0">
    <skipped/>
  </testcase> <!-- wronglogin -->
  <testcase classname="test.Loginpage" name="Rightlogin" time="0.001">
    <skipped/>
  </testcase> <!-- Rightlogin -->
  <testcase classname="test.MenuBar" name="Swaglabs" time="0.0">
    <skipped/>
  </testcase> <!-- Swaglabs -->
  <testcase classname="test.MenuBar" name="login" time="0.0">
    <skipped/>
  </testcase> <!-- login -->
  <testcase classname="test.Filterbutton" name="FilterButton" time="0.0">
    <skipped/>
  </testcase> <!-- FilterButton -->
  <testcase classname="test.Productpage" name="logincredentials" time="0.0">
    <skipped/>
  </testcase> <!-- logincredentials -->
  <testcase classname="test.Productpage" name="productdetails" time="0.001">
    <skipped/>
  </testcase> <!-- productdetails -->
  <testcase classname="test.Cart" name="Rightlogin" time="0.0">
    <skipped/>
  </testcase> <!-- Rightlogin -->
  <testcase classname="test.Cart" name="cart" time="0.0">
    <skipped/>
  </testcase> <!-- cart -->
  <testcase classname="test.Checkoutpage" name="Login" time="0.0">
    <skipped/>
  </testcase> <!-- Login -->
  <testcase classname="test.Checkoutpage" name="checkout" time="0.0">
    <skipped/>
  </testcase> <!-- checkout -->
  <testcase classname="test.Logout" name="logout" time="0.0">
    <skipped/>
  </testcase> <!-- logout -->
</testsuite> <!-- Test -->
